<?xml version="1.0" encoding="UTF-8"?>
<!-- Generated by org.testng.reporters.JUnitXMLReporter -->
<testsuite ignored="0" hostname="DESKTOP-N24J41M" failures="0" tests="6" name="Default test" time="8.335" errors="0" timestamp="2023-06-04T23:57:30 IST">
  <testcase classname="api.test.DDTests" name="testPostuser" time="3.439"/>
  <testcase classname="api.test.DDTests" name="testPostuser" time="0.12"/>
  <testcase classname="api.test.DDTests" name="testPostuser" time="0.115"/>
  <testcase classname="api.test.DDTests" name="testDeleteUserByName" time="0.14"/>
  <testcase classname="api.test.DDTests" name="testDeleteUserByName" time="0.123"/>
  <testcase classname="api.test.DDTests" name="testDeleteUserByName" time="0.102"/>
</testsuite> <!-- Default test -->
