<?xml version="1.0" encoding="UTF-8"?>
<!-- Generated by org.testng.reporters.JUnitXMLReporter -->
<testsuite ignored="0" hostname="DESKTOP-N24J41M" failures="0" tests="4" name="Test" time="6.164" errors="0" timestamp="2023-06-05T00:37:03 IST">
  <testcase classname="api.test.UserTests" name="testPostUser" time="3.636"/>
  <testcase classname="api.test.UserTests" name="testGetUserByName" time="0.152"/>
  <testcase classname="api.test.UserTests" name="testUpdateUserByName" time="0.264"/>
  <testcase classname="api.test.UserTests" name="testDeleteUserByName" time="0.123"/>
</testsuite> <!-- Test -->
